{"numTotalTestSuites":31,"numPassedTestSuites":31,"numFailedTestSuites":0,"numPendingTestSuites":0,"numTotalTests":149,"numPassedTests":149,"numFailedTests":0,"numPendingTests":0,"numTodoTests":0,"snapshot":{"added":0,"failure":false,"filesAdded":0,"filesRemoved":0,"filesRemovedList":[],"filesUnmatched":0,"filesUpdated":0,"matched":0,"total":0,"unchecked":0,"uncheckedKeysByFile":[],"unmatched":0,"updated":0,"didUpdate":false},"startTime":1782788320638,"success":true,"testResults":[{"assertionResults":[{"ancestorTitles":["App – completed login flows"],"fullName":"App – completed login flows renders Home after successful Google sign-in","status":"passed","title":"renders Home after successful Google sign-in","duration":1384.528053,"failureMessages":[],"meta":{},"tags":[]},{"ancestorTitles":["App – completed login flows"],"fullName":"App – completed login flows renders Home after successful email / password login","status":"passed","title":"renders Home after successful email / password login","duration":313.51462600000104,"failureMessages":[],"meta":{},"tags":[]},{"ancestorTitles":["App – landing page"],"fullName":"App – landing page renders the hero heading on the landing page","status":"passed","title":"renders the hero heading on the landing page","duration":80.72241699999904,"failureMessages":[],"meta":{},"tags":[]},{"ancestorTitles":["App – landing page"],"fullName":"App – landing page shows AI Solutions nav button","status":"passed","title":"shows AI Solutions nav button","duration":61.56867499999862,"failureMessages":[],"meta":{},"tags":[]},{"ancestorTitles":["App – landing page"],"fullName":"App – landing page shows the auth modal with Google login when Get Started is clicked","status":"passed","title":"shows the auth modal with Google login when Get Started is clicked","duration":70.2338209999998,"failureMessages":[],"meta":{},"tags":[]},{"ancestorTitles":["App – landing page"],"fullName":"App – landing page shows Register tab in auth modal","status":"passed","title":"shows Register tab in auth modal","duration":152.88727500000095,"failureMessages":[],"meta":{},"tags":[]},{"ancestorTitles":["App – landing page"],"fullName":"App – landing page closes auth modal when close button is clicked","status":"passed","title":"closes auth modal when close button is clicked","duration":225.049246999999,"failureMessages":[],"meta":{},"tags":[]}],"startTime":1782788327509,"endTime":1782788329799.0493,"status":"passed","message":"","name":"/Users/subrahmanyaspilli/Desktop/credit-ai-app/frontend/src/App.test.tsx"},{"assertionResults":[{"ancestorTitles":["Dashboard – initial render"],"fullName":"Dashboard – initial render renders the Spendwise AI heading","status":"passed","title":"renders the Spendwise AI heading","duration":144.37662999999975,"failureMessages":[],"meta":{},"tags":[]},{"ancestorTitles":["Dashboard – initial render"],"fullName":"Dashboard – initial render renders the upload prompt text","status":"passed","title":"renders the upload prompt text","duration":13.944397999999637,"failureMessages":[],"meta":{},"tags":[]},{"ancestorTitles":["Dashboard – initial render"],"fullName":"Dashboard – initial render renders the file size hint","status":"passed","title":"renders the file size hint","duration":32.06462599999941,"failureMessages":[],"meta":{},"tags":[]},{"ancestorTitles":["Dashboard – initial render"],"fullName":"Dashboard – initial render does not show loading state initially","status":"passed","title":"does not show loading state initially","duration":44.593205999999554,"failureMessages":[],"meta":{},"tags":[]},{"ancestorTitles":["Dashboard – initial render"],"fullName":"Dashboard – initial render does not show results section initially","status":"passed","title":"does not show results section initially","duration":84.1229629999998,"failureMessages":[],"meta":{},"tags":[]},{"ancestorTitles":["Dashboard – file selection"],"fullName":"Dashboard – file selection shows the selected file name after choosing a file","status":"passed","title":"shows the selected file name after choosing a file","duration":28.734432999999626,"failureMessages":[],"meta":{},"tags":[]},{"ancestorTitles":["Dashboard – file selection"],"fullName":"Dashboard – file selection shows error when file exceeds 10 MB","status":"passed","title":"shows error when file exceeds 10 MB","duration":140.93526100000054,"failureMessages":[],"meta":{},"tags":[]},{"ancestorTitles":["Dashboard – file selection"],"fullName":"Dashboard – file selection does not start upload for oversized file","status":"passed","title":"does not start upload for oversized file","duration":141.04115300000012,"failureMessages":[],"meta":{},"tags":[]},{"ancestorTitles":["Dashboard – upload states"],"fullName":"Dashboard – upload states shows loading indicator while upload is in progress","status":"passed","title":"shows loading indicator while upload is in progress","duration":30.489785999999185,"failureMessages":[],"meta":{},"tags":[]},{"ancestorTitles":["Dashboard – upload states"],"fullName":"Dashboard – upload states shows results after successful upload","status":"passed","title":"shows results after successful upload","duration":74.7730819999997,"failureMessages":[],"meta":{},"tags":[]},{"ancestorTitles":["Dashboard – upload states"],"fullName":"Dashboard – upload states shows transaction count badge after successful upload","status":"passed","title":"shows transaction count badge after successful upload","duration":40.09472900000037,"failureMessages":[],"meta":{},"tags":[]},{"ancestorTitles":["Dashboard – upload states"],"fullName":"Dashboard – upload states shows generic error when a non-axios error occurs","status":"passed","title":"shows generic error when a non-axios error occurs","duration":23.3619149999995,"failureMessages":[],"meta":{},"tags":[]},{"ancestorTitles":["Dashboard – upload states"],"fullName":"Dashboard – upload states shows API error message from axios error response","status":"passed","title":"shows API error message from axios error response","duration":15.953832999999577,"failureMessages":[],"meta":{},"tags":[]},{"ancestorTitles":["Dashboard – upload states"],"fullName":"Dashboard – upload states shows fallback error text when axios error has no response body","status":"passed","title":"shows fallback error text when axios error has no response body","duration":22.057424000000537,"failureMessages":[],"meta":{},"tags":[]},{"ancestorTitles":["Dashboard – upload states"],"fullName":"Dashboard – upload states hides loading indicator after upload completes","status":"passed","title":"hides loading indicator after upload completes","duration":23.3516810000001,"failureMessages":[],"meta":{},"tags":[]}],"startTime":1782788335479,"endTime":1782788336390.3516,"status":"passed","message":"","name":"/Users/subrahmanyaspilli/Desktop/credit-ai-app/frontend/src/Dashboard.test.tsx"},{"assertionResults":[{"ancestorTitles":["Home – top navbar"],"fullName":"Home – top navbar renders Home nav link","status":"passed","title":"renders Home nav link","duration":1095.4912430000004,"failureMessages":[],"meta":{},"tags":[]},{"ancestorTitles":["Home – top navbar"],"fullName":"Home – top navbar renders Financial AI Solutions nav link","status":"passed","title":"renders Financial AI Solutions nav link","duration":165.41497700000036,"failureMessages":[],"meta":{},"tags":[]},{"ancestorTitles":["Home – top navbar"],"fullName":"Home – top navbar renders Contact Us nav link","status":"passed","title":"renders Contact Us nav link","duration":148.38286400000015,"failureMessages":[],"meta":{},"tags":[]},{"ancestorTitles":["Home – top navbar"],"fullName":"Home – top navbar renders user name in navbar","status":"passed","title":"renders user name in navbar","duration":74.85455100000036,"failureMessages":[],"meta":{},"tags":[]},{"ancestorTitles":["Home – top navbar"],"fullName":"Home – top navbar renders Logout button","status":"passed","title":"renders Logout button","duration":38.35846700000002,"failureMessages":[],"meta":{},"tags":[]},{"ancestorTitles":["Home – top navbar"],"fullName":"Home – top navbar calls onLogout when Logout is clicked","status":"passed","title":"calls onLogout when Logout is clicked","duration":94.37091400000008,"failureMessages":[],"meta":{},"tags":[]},{"ancestorTitles":["Home – top navbar"],"fullName":"Home – top navbar default view shows Financial AI Audit Dashboard heading","status":"passed","title":"default view shows Financial AI Audit Dashboard heading","duration":98.78570500000023,"failureMessages":[],"meta":{},"tags":[]},{"ancestorTitles":["Home – top navbar"],"fullName":"Home – top navbar clicking Home navigates to AI Audit Dashboard","status":"passed","title":"clicking Home navigates to AI Audit Dashboard","duration":312.91545700000006,"failureMessages":[],"meta":{},"tags":[]},{"ancestorTitles":["Home – top navbar"],"fullName":"Home – top navbar clicking Contact Us shows contact page","status":"passed","title":"clicking Contact Us shows contact page","duration":180.0570770000004,"failureMessages":[],"meta":{},"tags":[]},{"ancestorTitles":["Home – top navbar"],"fullName":"Home – top navbar clicking admin icon navigates to admin panel","status":"passed","title":"clicking admin icon navigates to admin panel","duration":168.24313900000016,"failureMessages":[],"meta":{},"tags":[]},{"ancestorTitles":["Home – Financial AI Solutions dropdown"],"fullName":"Home – Financial AI Solutions dropdown dropdown is hidden by default","status":"passed","title":"dropdown is hidden by default","duration":153.03781600000002,"failureMessages":[],"meta":{},"tags":[]},{"ancestorTitles":["Home – Financial AI Solutions dropdown"],"fullName":"Home – Financial AI Solutions dropdown shows dropdown items on mouse enter","status":"passed","title":"shows dropdown items on mouse enter","duration":266.15840300000036,"failureMessages":[],"meta":{},"tags":[]},{"ancestorTitles":["Home – Financial AI Solutions dropdown"],"fullName":"Home – Financial AI Solutions dropdown hides dropdown items on mouse leave","status":"passed","title":"hides dropdown items on mouse leave","duration":194.01497700000073,"failureMessages":[],"meta":{},"tags":[]},{"ancestorTitles":["Home – Financial AI Solutions dropdown"],"fullName":"Home – Financial AI Solutions dropdown clicking Credit Card Analyzer opens upload tab","status":"passed","title":"clicking Credit Card Analyzer opens upload tab","duration":238.0459890000002,"failureMessages":[],"meta":{},"tags":[]},{"ancestorTitles":["Home – Financial AI Solutions dropdown"],"fullName":"Home – Financial AI Solutions dropdown clicking Your Stocks Analyzer opens stocks placeholder","status":"passed","title":"clicking Your Stocks Analyzer opens stocks placeholder","duration":355.7524460000004,"failureMessages":[],"meta":{},"tags":[]},{"ancestorTitles":["Home – Evaluate Financials wizard"],"fullName":"Home – Evaluate Financials wizard shows all four wizard step labels after starting","status":"passed","title":"shows all four wizard step labels after starting","duration":383.27425100000073,"failureMessages":[],"meta":{},"tags":[]},{"ancestorTitles":["Home – Evaluate Financials wizard"],"fullName":"Home – Evaluate Financials wizard step 1 shows Edit Personal Profile content","status":"passed","title":"step 1 shows Edit Personal Profile content","duration":340.5543429999998,"failureMessages":[],"meta":{},"tags":[]},{"ancestorTitles":["Home – Evaluate Financials wizard"],"fullName":"Home – Evaluate Financials wizard does not show Back button at step 1","status":"passed","title":"does not show Back button at step 1","duration":698.508926999999,"failureMessages":[],"meta":{},"tags":[]},{"ancestorTitles":["Home – Evaluate Financials wizard"],"fullName":"Home – Evaluate Financials wizard Next button advances to step 2 (Financial Data)","status":"passed","title":"Next button advances to step 2 (Financial Data)","duration":788.0941699999985,"failureMessages":[],"meta":{},"tags":[]},{"ancestorTitles":["Home – Evaluate Financials wizard"],"fullName":"Home – Evaluate Financials wizard Back button at step 2 returns to step 1","status":"passed","title":"Back button at step 2 returns to step 1","duration":778.1468949999999,"failureMessages":[],"meta":{},"tags":[]},{"ancestorTitles":["Home – Evaluate Financials wizard"],"fullName":"Home – Evaluate Financials wizard Next from step 2 goes to step 3 (AI Analysis)","status":"passed","title":"Next from step 2 goes to step 3 (AI Analysis)","duration":1057.2762619999994,"failureMessages":[],"meta":{},"tags":[]},{"ancestorTitles":["Home – Evaluate Financials wizard"],"fullName":"Home – Evaluate Financials wizard Next from step 3 goes to step 4 (Recommendations)","status":"passed","title":"Next from step 3 goes to step 4 (Recommendations)","duration":1361.7455279999995,"failureMessages":[],"meta":{},"tags":[]},{"ancestorTitles":["Home – Evaluate Financials wizard"],"fullName":"Home – Evaluate Financials wizard shows Finish button at step 4 instead of Next","status":"passed","title":"shows Finish button at step 4 instead of Next","duration":1002.3619010000002,"failureMessages":[],"meta":{},"tags":[]},{"ancestorTitles":["Home – Evaluate Financials wizard"],"fullName":"Home – Evaluate Financials wizard Exit Wizard button dismisses the wizard stepper","status":"passed","title":"Exit Wizard button dismisses the wizard stepper","duration":396.2877349999999,"failureMessages":[],"meta":{},"tags":[]},{"ancestorTitles":["Home – Evaluate Financials wizard"],"fullName":"Home – Evaluate Financials wizard Finish button exits wizard and returns to home","status":"passed","title":"Finish button exits wizard and returns to home","duration":1006.1028809999989,"failureMessages":[],"meta":{},"tags":[]},{"ancestorTitles":["Home – Evaluate Financials wizard"],"fullName":"Home – Evaluate Financials wizard wizard stepper hides when Home nav is clicked","status":"passed","title":"wizard stepper hides when Home nav is clicked","duration":344.64234600000054,"failureMessages":[],"meta":{},"tags":[]},{"ancestorTitles":["Home – Financial Data step (step 2)"],"fullName":"Home – Financial Data step (step 2) navigating to step 2 shows Asset & Liability Manager heading","status":"passed","title":"navigating to step 2 shows Asset & Liability Manager heading","duration":507.63116199999786,"failureMessages":[],"meta":{},"tags":[]},{"ancestorTitles":["Home – Financial Data step (step 2)"],"fullName":"Home – Financial Data step (step 2) step 2 shows Income section heading","status":"passed","title":"step 2 shows Income section heading","duration":498.00901299999896,"failureMessages":[],"meta":{},"tags":[]},{"ancestorTitles":["Home – Financial Data step (step 2)"],"fullName":"Home – Financial Data step (step 2) step 2 shows Monthly Expenditures section heading","status":"passed","title":"step 2 shows Monthly Expenditures section heading","duration":403.5932380000013,"failureMessages":[],"meta":{},"tags":[]},{"ancestorTitles":["Home – Financial Data step (step 2)"],"fullName":"Home – Financial Data step (step 2) step 2 shows Monthly Savings section heading","status":"passed","title":"step 2 shows Monthly Savings section heading","duration":530.2103220000026,"failureMessages":[],"meta":{},"tags":[]},{"ancestorTitles":["Home – Financial Data step (step 2)"],"fullName":"Home – Financial Data step (step 2) Primary Yearly Income input is present","status":"passed","title":"Primary Yearly Income input is present","duration":387.9361910000007,"failureMessages":[],"meta":{},"tags":[]},{"ancestorTitles":["Home – Financial Data step (step 2)"],"fullName":"Home – Financial Data step (step 2) Family Yearly Income input is present","status":"passed","title":"Family Yearly Income input is present","duration":314.4887239999989,"failureMessages":[],"meta":{},"tags":[]},{"ancestorTitles":["Home – Financial Data step (step 2)"],"fullName":"Home – Financial Data step (step 2) entering primary yearly income updates the value","status":"passed","title":"entering primary yearly income updates the value","duration":518.2674810000026,"failureMessages":[],"meta":{},"tags":[]},{"ancestorTitles":["Home – Financial Data step (step 2)"],"fullName":"Home – Financial Data step (step 2) shows combined yearly income when both income fields are filled","status":"passed","title":"shows combined yearly income when both income fields are filled","duration":310.13448300000164,"failureMessages":[],"meta":{},"tags":[]},{"ancestorTitles":["Home – Financial Data step (step 2)"],"fullName":"Home – Financial Data step (step 2) shows one expenditure row by default (credit card bill)","status":"passed","title":"shows one expenditure row by default (credit card bill)","duration":214.32932000000073,"failureMessages":[],"meta":{},"tags":[]},{"ancestorTitles":["Home – Financial Data step (step 2)"],"fullName":"Home – Financial Data step (step 2) Add Expenditure button appends a new expenditure row","status":"passed","title":"Add Expenditure button appends a new expenditure row","duration":269.5217420000008,"failureMessages":[],"meta":{},"tags":[]},{"ancestorTitles":["Home – Financial Data step (step 2)"],"fullName":"Home – Financial Data step (step 2) expenditure type dropdown can be changed to Insurance Bill","status":"passed","title":"expenditure type dropdown can be changed to Insurance Bill","duration":221.5091280000015,"failureMessages":[],"meta":{},"tags":[]},{"ancestorTitles":["Home – Financial Data step (step 2)"],"fullName":"Home – Financial Data step (step 2) remove button (×) is absent when only one expenditure row exists","status":"passed","title":"remove button (×) is absent when only one expenditure row exists","duration":247.8942190000016,"failureMessages":[],"meta":{},"tags":[]},{"ancestorTitles":["Home – Financial Data step (step 2)"],"fullName":"Home – Financial Data step (step 2) remove button (×) appears after adding a second expenditure row","status":"passed","title":"remove button (×) appears after adding a second expenditure row","duration":388.74346700000024,"failureMessages":[],"meta":{},"tags":[]},{"ancestorTitles":["Home – Financial Data step (step 2)"],"fullName":"Home – Financial Data step (step 2) clicking × on expenditure row removes it","status":"passed","title":"clicking × on expenditure row removes it","duration":376.1639619999987,"failureMessages":[],"meta":{},"tags":[]},{"ancestorTitles":["Home – Financial Data step (step 2)"],"fullName":"Home – Financial Data step (step 2) shows one savings row by default (401k)","status":"passed","title":"shows one savings row by default (401k)","duration":218.96908500000063,"failureMessages":[],"meta":{},"tags":[]},{"ancestorTitles":["Home – Financial Data step (step 2)"],"fullName":"Home – Financial Data step (step 2) Add Saving button appends a new savings row","status":"passed","title":"Add Saving button appends a new savings row","duration":268.62348700000075,"failureMessages":[],"meta":{},"tags":[]},{"ancestorTitles":["Home – Financial Data step (step 2)"],"fullName":"Home – Financial Data step (step 2) savings type dropdown can be changed to IRA","status":"passed","title":"savings type dropdown can be changed to IRA","duration":213.27327100000184,"failureMessages":[],"meta":{},"tags":[]},{"ancestorTitles":["Home – Financial Data step (step 2)"],"fullName":"Home – Financial Data step (step 2) clicking × on savings row removes it","status":"passed","title":"clicking × on savings row removes it","duration":352.66508100000283,"failureMessages":[],"meta":{},"tags":[]},{"ancestorTitles":["Home – Financial Data step (step 2)"],"fullName":"Home – Financial Data step (step 2) Next → button is present on step 2","status":"passed","title":"Next → button is present on step 2","duration":235.43120799999815,"failureMessages":[],"meta":{},"tags":[]},{"ancestorTitles":["Home – Financial Data step (step 2)"],"fullName":"Home – Financial Data step (step 2) Next → from step 2 navigates to step 3 (AI Analysis / health tab)","status":"passed","title":"Next → from step 2 navigates to step 3 (AI Analysis / health tab)","duration":319.57774399999835,"failureMessages":[],"meta":{},"tags":[]},{"ancestorTitles":["Home – Financial Data step (step 2)"],"fullName":"Home – Financial Data step (step 2) Next → from step 2 works even when income fields are 0 (not required to fill before advancing)","status":"passed","title":"Next → from step 2 works even when income fields are 0 (not required to fill before advancing)","duration":288.46869399999923,"failureMessages":[],"meta":{},"tags":[]},{"ancestorTitles":["Home – Financial Data step (step 2)"],"fullName":"Home – Financial Data step (step 2) ← Back from step 3 returns to step 2 (financial data)","status":"passed","title":"← Back from step 3 returns to step 2 (financial data)","duration":365.2928810000012,"failureMessages":[],"meta":{},"tags":[]},{"ancestorTitles":["Home – Financial Data step (step 2)"],"fullName":"Home – Financial Data step (step 2) Save Financial Portfolio button is present on step 2","status":"passed","title":"Save Financial Portfolio button is present on step 2","duration":238.91802800000005,"failureMessages":[],"meta":{},"tags":[]},{"ancestorTitles":["Home – Financial Data step (step 2)"],"fullName":"Home – Financial Data step (step 2) Save Financial Portfolio posts data to /api/financial-data","status":"passed","title":"Save Financial Portfolio posts data to /api/financial-data","duration":350.0672330000016,"failureMessages":[],"meta":{},"tags":[]},{"ancestorTitles":["Home – Financial Data step (step 2)"],"fullName":"Home – Financial Data step (step 2) shows success message after saving financial data","status":"passed","title":"shows success message after saving financial data","duration":279.30216799999835,"failureMessages":[],"meta":{},"tags":[]},{"ancestorTitles":["Home – Financial Data step (step 2)"],"fullName":"Home – Financial Data step (step 2) shows error message when saving financial data fails","status":"passed","title":"shows error message when saving financial data fails","duration":283.04099700000006,"failureMessages":[],"meta":{},"tags":[]},{"ancestorTitles":["Home – Financial Data step (step 2)"],"fullName":"Home – Financial Data step (step 2) shows total monthly expenditure sum at bottom of expenditure section","status":"passed","title":"shows total monthly expenditure sum at bottom of expenditure section","duration":192.27731900000072,"failureMessages":[],"meta":{},"tags":[]},{"ancestorTitles":["Home – Financial Data step (step 2)"],"fullName":"Home – Financial Data step (step 2) shows total monthly savings sum at bottom of savings section","status":"passed","title":"shows total monthly savings sum at bottom of savings section","duration":194.81223500000124,"failureMessages":[],"meta":{},"tags":[]},{"ancestorTitles":["Home – Recommendations tab"],"fullName":"Home – Recommendations tab Refresh Offers button is present on the recommendations tab","status":"passed","title":"Refresh Offers button is present on the recommendations tab","duration":337.7350219999971,"failureMessages":[],"meta":{},"tags":[]},{"ancestorTitles":["Home – Recommendations tab"],"fullName":"Home – Recommendations tab clicking Refresh Offers calls GET /api/cases","status":"passed","title":"clicking Refresh Offers calls GET /api/cases","duration":398.5282989999978,"failureMessages":[],"meta":{},"tags":[]},{"ancestorTitles":["Home – Recommendations tab"],"fullName":"Home – Recommendations tab Refresh Offers button shows \"Refreshing…\" while loading then reverts","status":"passed","title":"Refresh Offers button shows \"Refreshing…\" while loading then reverts","duration":476.5013379999982,"failureMessages":[],"meta":{},"tags":[]},{"ancestorTitles":["Home – Recommendations tab"],"fullName":"Home – Recommendations tab renders case cards after a successful refresh","status":"passed","title":"renders case cards after a successful refresh","duration":424.59554800000114,"failureMessages":[],"meta":{},"tags":[]},{"ancestorTitles":["Home – Recommendations tab"],"fullName":"Home – Recommendations tab shows an error message when Refresh Offers fails","status":"passed","title":"shows an error message when Refresh Offers fails","duration":371.50183500000276,"failureMessages":[],"meta":{},"tags":[]}],"startTime":1782788326338,"endTime":1782788349079.502,"status":"passed","message":"","name":"/Users/subrahmanyaspilli/Desktop/credit-ai-app/frontend/src/Home.test.tsx"},{"assertionResults":[{"ancestorTitles":["InsightsPanel – rendering"],"fullName":"InsightsPanel – rendering renders without crashing given an empty string","status":"passed","title":"renders without crashing given an empty string","duration":58.26304600000003,"failureMessages":[],"meta":{},"tags":[]},{"ancestorTitles":["InsightsPanel – rendering"],"fullName":"InsightsPanel – rendering renders the AI Analysis label","status":"passed","title":"renders the AI Analysis label","duration":8.405317999999625,"failureMessages":[],"meta":{},"tags":[]},{"ancestorTitles":["InsightsPanel – rendering"],"fullName":"InsightsPanel – rendering renders a parsed ### section heading as a card","status":"passed","title":"renders a parsed ### section heading as a card","duration":15.859284000000116,"failureMessages":[],"meta":{},"tags":[]},{"ancestorTitles":["InsightsPanel – rendering"],"fullName":"InsightsPanel – rendering renders multiple sections","status":"passed","title":"renders multiple sections","duration":11.531488999999965,"failureMessages":[],"meta":{},"tags":[]},{"ancestorTitles":["InsightsPanel – rendering"],"fullName":"InsightsPanel – rendering renders bold text (**text**) as <strong>","status":"passed","title":"renders bold text (**text**) as <strong>","duration":7.805725000000166,"failureMessages":[],"meta":{},"tags":[]},{"ancestorTitles":["InsightsPanel – rendering"],"fullName":"InsightsPanel – rendering renders italic text (*text*) as <em>","status":"passed","title":"renders italic text (*text*) as <em>","duration":9.127852000000075,"failureMessages":[],"meta":{},"tags":[]},{"ancestorTitles":["InsightsPanel – rendering"],"fullName":"InsightsPanel – rendering renders bullet points starting with *","status":"passed","title":"renders bullet points starting with *","duration":6.804716000000099,"failureMessages":[],"meta":{},"tags":[]},{"ancestorTitles":["InsightsPanel – rendering"],"fullName":"InsightsPanel – rendering renders a summary line that appears before any ### heading","status":"passed","title":"renders a summary line that appears before any ### heading","duration":7.070435999999972,"failureMessages":[],"meta":{},"tags":[]},{"ancestorTitles":["InsightsPanel – rendering"],"fullName":"InsightsPanel – rendering does not show a summary section when text starts with ###","status":"passed","title":"does not show a summary section when text starts with ###","duration":10.141525000000001,"failureMessages":[],"meta":{},"tags":[]},{"ancestorTitles":["InsightsPanel – rendering"],"fullName":"InsightsPanel – rendering renders a markdown table","status":"passed","title":"renders a markdown table","duration":47.585401000000275,"failureMessages":[],"meta":{},"tags":[]},{"ancestorTitles":["InsightsPanel – rendering"],"fullName":"InsightsPanel – rendering uses the 📊 icon for Top Categories section","status":"passed","title":"uses the 📊 icon for Top Categories section","duration":4.52579199999991,"failureMessages":[],"meta":{},"tags":[]},{"ancestorTitles":["InsightsPanel – rendering"],"fullName":"InsightsPanel – rendering uses the 💡 icon for Saving Tips section","status":"passed","title":"uses the 💡 icon for Saving Tips section","duration":5.1429629999997815,"failureMessages":[],"meta":{},"tags":[]},{"ancestorTitles":["InsightsPanel – rendering"],"fullName":"InsightsPanel – rendering uses the 🔍 icon for Unusual Spending section","status":"passed","title":"uses the 🔍 icon for Unusual Spending section","duration":4.150754999999663,"failureMessages":[],"meta":{},"tags":[]},{"ancestorTitles":["InsightsPanel – rendering"],"fullName":"InsightsPanel – rendering uses a fallback icon for unknown section names","status":"passed","title":"uses a fallback icon for unknown section names","duration":3.785327999999936,"failureMessages":[],"meta":{},"tags":[]}],"startTime":1782788341327,"endTime":1782788341528.7854,"status":"passed","message":"","name":"/Users/subrahmanyaspilli/Desktop/credit-ai-app/frontend/src/InsightsPanel.test.tsx"},{"assertionResults":[{"ancestorTitles":["LandingPage – Google Sign-In (toggle-independent)"],"fullName":"LandingPage – Google Sign-In (toggle-independent) shows an error when Google sign-in fails (onError callback)","status":"passed","title":"shows an error when Google sign-in fails (onError callback)","duration":676.1979020000008,"failureMessages":[],"meta":{},"tags":[]},{"ancestorTitles":["LandingPage – Google Sign-In (toggle-independent)"],"fullName":"LandingPage – Google Sign-In (toggle-independent) shows an error when Google returns no credential","status":"passed","title":"shows an error when Google returns no credential","duration":182.13642900000013,"failureMessages":[],"meta":{},"tags":[]},{"ancestorTitles":["LandingPage – Google Sign-In (toggle-independent)"],"fullName":"LandingPage – Google Sign-In (toggle-independent) Google sign-in button is available in the Register tab","status":"passed","title":"Google sign-in button is available in the Register tab","duration":307.34368900000027,"failureMessages":[],"meta":{},"tags":[]},{"ancestorTitles":["LandingPage – Google Sign-In – legacy flow (VITE_USE_GOOGLE_EXCHANGE=false)"],"fullName":"LandingPage – Google Sign-In – legacy flow (VITE_USE_GOOGLE_EXCHANGE=false) decodes the Google credential client-side and calls onLogin with it as token","status":"passed","title":"decodes the Google credential client-side and calls onLogin with it as token","duration":51.97762800000055,"failureMessages":[],"meta":{},"tags":[]},{"ancestorTitles":["LandingPage – Google Sign-In – legacy flow (VITE_USE_GOOGLE_EXCHANGE=false)"],"fullName":"LandingPage – Google Sign-In – legacy flow (VITE_USE_GOOGLE_EXCHANGE=false) shows an error when jwtDecode throws (malformed credential)","status":"passed","title":"shows an error when jwtDecode throws (malformed credential)","duration":108.81935299999986,"failureMessages":[],"meta":{},"tags":[]},{"ancestorTitles":["LandingPage – Google Sign-In – legacy flow (VITE_USE_GOOGLE_EXCHANGE=false)"],"fullName":"LandingPage – Google Sign-In – legacy flow (VITE_USE_GOOGLE_EXCHANGE=false) Register tab Google sign-in also uses legacy flow","status":"passed","title":"Register tab Google sign-in also uses legacy flow","duration":186.5774449999999,"failureMessages":[],"meta":{},"tags":[]},{"ancestorTitles":["LandingPage – Google Sign-In – session-token flow (VITE_USE_GOOGLE_EXCHANGE=true)"],"fullName":"LandingPage – Google Sign-In – session-token flow (VITE_USE_GOOGLE_EXCHANGE=true) exchanges Google credential for a session token and calls onLogin","status":"passed","title":"exchanges Google credential for a session token and calls onLogin","duration":112.63508900000033,"failureMessages":[],"meta":{},"tags":[]},{"ancestorTitles":["LandingPage – Google Sign-In – session-token flow (VITE_USE_GOOGLE_EXCHANGE=true)"],"fullName":"LandingPage – Google Sign-In – session-token flow (VITE_USE_GOOGLE_EXCHANGE=true) shows an error when the google-exchange API call fails","status":"passed","title":"shows an error when the google-exchange API call fails","duration":170.03461300000072,"failureMessages":[],"meta":{},"tags":[]},{"ancestorTitles":["LandingPage – Google Sign-In – session-token flow (VITE_USE_GOOGLE_EXCHANGE=true)"],"fullName":"LandingPage – Google Sign-In – session-token flow (VITE_USE_GOOGLE_EXCHANGE=true) Register tab Google sign-in also uses the session-token flow","status":"passed","title":"Register tab Google sign-in also uses the session-token flow","duration":261.41786499999944,"failureMessages":[],"meta":{},"tags":[]},{"ancestorTitles":["LandingPage – Email / Password Login"],"fullName":"LandingPage – Email / Password Login shows Email Address and Password fields in the Sign In tab","status":"passed","title":"shows Email Address and Password fields in the Sign In tab","duration":27.684743999999228,"failureMessages":[],"meta":{},"tags":[]},{"ancestorTitles":["LandingPage – Email / Password Login"],"fullName":"LandingPage – Email / Password Login calls onLogin with user data from API on successful login","status":"passed","title":"calls onLogin with user data from API on successful login","duration":132.73568700000033,"failureMessages":[],"meta":{},"tags":[]},{"ancestorTitles":["LandingPage – Email / Password Login"],"fullName":"LandingPage – Email / Password Login posts credentials to /api/users/login","status":"passed","title":"posts credentials to /api/users/login","duration":124.47966300000007,"failureMessages":[],"meta":{},"tags":[]},{"ancestorTitles":["LandingPage – Email / Password Login"],"fullName":"LandingPage – Email / Password Login shows API error message when login fails with a server error","status":"passed","title":"shows API error message when login fails with a server error","duration":171.36843600000066,"failureMessages":[],"meta":{},"tags":[]},{"ancestorTitles":["LandingPage – Email / Password Login"],"fullName":"LandingPage – Email / Password Login shows default error text when login fails with no server message","status":"passed","title":"shows default error text when login fails with no server message","duration":157.28786300000047,"failureMessages":[],"meta":{},"tags":[]},{"ancestorTitles":["LandingPage – Registration"],"fullName":"LandingPage – Registration shows Full Name, Email, Password, and Confirm Password fields","status":"passed","title":"shows Full Name, Email, Password, and Confirm Password fields","duration":151.95952600000055,"failureMessages":[],"meta":{},"tags":[]},{"ancestorTitles":["LandingPage – Registration"],"fullName":"LandingPage – Registration shows validation error when passwords do not match (no API call made)","status":"passed","title":"shows validation error when passwords do not match (no API call made)","duration":289.1358679999994,"failureMessages":[],"meta":{},"tags":[]},{"ancestorTitles":["LandingPage – Registration"],"fullName":"LandingPage – Registration shows validation error when password is shorter than 6 characters (no API call made)","status":"passed","title":"shows validation error when password is shorter than 6 characters (no API call made)","duration":283.81150700000035,"failureMessages":[],"meta":{},"tags":[]},{"ancestorTitles":["LandingPage – Registration"],"fullName":"LandingPage – Registration calls onLogin with user data after successful registration","status":"passed","title":"calls onLogin with user data after successful registration","duration":402.237212,"failureMessages":[],"meta":{},"tags":[]},{"ancestorTitles":["LandingPage – Registration"],"fullName":"LandingPage – Registration posts to /api/users/register with name, email, and password","status":"passed","title":"posts to /api/users/register with name, email, and password","duration":184.58751099999972,"failureMessages":[],"meta":{},"tags":[]},{"ancestorTitles":["LandingPage – Registration"],"fullName":"LandingPage – Registration shows API error message when registration fails","status":"passed","title":"shows API error message when registration fails","duration":251.00791099999878,"failureMessages":[],"meta":{},"tags":[]},{"ancestorTitles":["LandingPage – Session Message Banner"],"fullName":"LandingPage – Session Message Banner shows the session banner when sessionMsg is provided","status":"passed","title":"shows the session banner when sessionMsg is provided","duration":135.04397100000097,"failureMessages":[],"meta":{},"tags":[]},{"ancestorTitles":["LandingPage – Session Message Banner"],"fullName":"LandingPage – Session Message Banner includes the inactivity reason in the banner","status":"passed","title":"includes the inactivity reason in the banner","duration":25.235327000000325,"failureMessages":[],"meta":{},"tags":[]},{"ancestorTitles":["LandingPage – Session Message Banner"],"fullName":"LandingPage – Session Message Banner shows the token-expired reason when signed out via 401","status":"passed","title":"shows the token-expired reason when signed out via 401","duration":12.978774999999587,"failureMessages":[],"meta":{},"tags":[]},{"ancestorTitles":["LandingPage – Session Message Banner"],"fullName":"LandingPage – Session Message Banner does not show the session banner when sessionMsg is null","status":"passed","title":"does not show the session banner when sessionMsg is null","duration":10.54261199999928,"failureMessages":[],"meta":{},"tags":[]},{"ancestorTitles":["LandingPage – Session Message Banner"],"fullName":"LandingPage – Session Message Banner does not show the session banner when sessionMsg is not provided","status":"passed","title":"does not show the session banner when sessionMsg is not provided","duration":59.626170999999886,"failureMessages":[],"meta":{},"tags":[]}],"startTime":1782788326336,"endTime":1782788330814.6262,"status":"passed","message":"","name":"/Users/subrahmanyaspilli/Desktop/credit-ai-app/frontend/src/LandingPage.auth.test.tsx"},{"assertionResults":[{"ancestorTitles":["Mobile nav — hamburger button"],"fullName":"Mobile nav — hamburger button renders a hamburger button in the DOM","status":"passed","title":"renders a hamburger button in the DOM","duration":652.6847170000001,"failureMessages":[],"meta":{},"tags":[]},{"ancestorTitles":["Mobile nav — hamburger button"],"fullName":"Mobile nav — hamburger button hamburger shows ☰ when menu is closed","status":"passed","title":"hamburger shows ☰ when menu is closed","duration":70.7667819999997,"failureMessages":[],"meta":{},"tags":[]},{"ancestorTitles":["Mobile nav — hamburger button"],"fullName":"Mobile nav — hamburger button hamburger has aria-expanded=false when menu is closed","status":"passed","title":"hamburger has aria-expanded=false when menu is closed","duration":82.21258000000034,"failureMessages":[],"meta":{},"tags":[]},{"ancestorTitles":["Mobile nav — hamburger button"],"fullName":"Mobile nav — hamburger button hamburger shows ✕ after being clicked","status":"passed","title":"hamburger shows ✕ after being clicked","duration":144.8815400000003,"failureMessages":[],"meta":{},"tags":[]},{"ancestorTitles":["Mobile nav — hamburger button"],"fullName":"Mobile nav — hamburger button hamburger has aria-expanded=true after being clicked","status":"passed","title":"hamburger has aria-expanded=true after being clicked","duration":101.96487799999977,"failureMessages":[],"meta":{},"tags":[]},{"ancestorTitles":["Mobile nav — menu open/close"],"fullName":"Mobile nav — menu open/close nav links do NOT have class 'open' initially","status":"passed","title":"nav links do NOT have class 'open' initially","duration":25.446928999999727,"failureMessages":[],"meta":{},"tags":[]},{"ancestorTitles":["Mobile nav — menu open/close"],"fullName":"Mobile nav — menu open/close nav links gain class 'open' when hamburger is clicked","status":"passed","title":"nav links gain class 'open' when hamburger is clicked","duration":63.406364000000394,"failureMessages":[],"meta":{},"tags":[]},{"ancestorTitles":["Mobile nav — menu open/close"],"fullName":"Mobile nav — menu open/close nav links lose class 'open' when hamburger is clicked again (toggle)","status":"passed","title":"nav links lose class 'open' when hamburger is clicked again (toggle)","duration":132.5038650000006,"failureMessages":[],"meta":{},"tags":[]},{"ancestorTitles":["Mobile nav — menu open/close"],"fullName":"Mobile nav — menu open/close clicking Home nav button closes the mobile menu","status":"passed","title":"clicking Home nav button closes the mobile menu","duration":123.48292600000059,"failureMessages":[],"meta":{},"tags":[]},{"ancestorTitles":["Mobile nav — menu open/close"],"fullName":"Mobile nav — menu open/close clicking Contact Us nav button closes the mobile menu","status":"passed","title":"clicking Contact Us nav button closes the mobile menu","duration":83.14486399999987,"failureMessages":[],"meta":{},"tags":[]},{"ancestorTitles":["Mobile nav — auth modal triggers"],"fullName":"Mobile nav — auth modal triggers clicking AI Solutions from mobile menu opens the auth modal","status":"passed","title":"clicking AI Solutions from mobile menu opens the auth modal","duration":171.831236,"failureMessages":[],"meta":{},"tags":[]},{"ancestorTitles":["Mobile nav — auth modal triggers"],"fullName":"Mobile nav — auth modal triggers clicking AI Solutions closes the mobile menu","status":"passed","title":"clicking AI Solutions closes the mobile menu","duration":70.1908199999998,"failureMessages":[],"meta":{},"tags":[]},{"ancestorTitles":["Mobile nav — auth modal triggers"],"fullName":"Mobile nav — auth modal triggers clicking Get Started CTA opens the auth modal on mobile","status":"passed","title":"clicking Get Started CTA opens the auth modal on mobile","duration":107.81268099999943,"failureMessages":[],"meta":{},"tags":[]},{"ancestorTitles":["Mobile nav — auth modal triggers"],"fullName":"Mobile nav — auth modal triggers auth modal can be closed via the ✕ button on mobile","status":"passed","title":"auth modal can be closed via the ✕ button on mobile","duration":144.07505199999923,"failureMessages":[],"meta":{},"tags":[]},{"ancestorTitles":["Mobile nav — theme toggle"],"fullName":"Mobile nav — theme toggle theme toggle button is present in the mobile nav","status":"passed","title":"theme toggle button is present in the mobile nav","duration":14.902482000000418,"failureMessages":[],"meta":{},"tags":[]},{"ancestorTitles":["Mobile nav — theme toggle"],"fullName":"Mobile nav — theme toggle theme toggle button is reachable after opening the mobile menu","status":"passed","title":"theme toggle button is reachable after opening the mobile menu","duration":74.45581299999958,"failureMessages":[],"meta":{},"tags":[]},{"ancestorTitles":["Mobile nav — section navigation"],"fullName":"Mobile nav — section navigation clicking Home shows the hero section","status":"passed","title":"clicking Home shows the hero section","duration":125.17932599999949,"failureMessages":[],"meta":{},"tags":[]},{"ancestorTitles":["Mobile nav — section navigation"],"fullName":"Mobile nav — section navigation clicking Contact Us shows the contact section heading","status":"passed","title":"clicking Contact Us shows the contact section heading","duration":83.33822500000042,"failureMessages":[],"meta":{},"tags":[]}],"startTime":1782788335842,"endTime":1782788338115.3381,"status":"passed","message":"","name":"/Users/subrahmanyaspilli/Desktop/credit-ai-app/frontend/src/LandingPage.mobile.test.tsx"},{"assertionResults":[{"ancestorTitles":["SpendingChart – empty state"],"fullName":"SpendingChart – empty state shows \"No spending data\" message when given no transactions","status":"passed","title":"shows \"No spending data\" message when given no transactions","duration":109.88245199999983,"failureMessages":[],"meta":{},"tags":[]},{"ancestorTitles":["SpendingChart – empty state"],"fullName":"SpendingChart – empty state does not render the pie chart when there are no transactions","status":"passed","title":"does not render the pie chart when there are no transactions","duration":8.69946200000004,"failureMessages":[],"meta":{},"tags":[]},{"ancestorTitles":["SpendingChart – with data"],"fullName":"SpendingChart – with data renders the pie chart","status":"passed","title":"renders the pie chart","duration":176.31369600000016,"failureMessages":[],"meta":{},"tags":[]},{"ancestorTitles":["SpendingChart – with data"],"fullName":"SpendingChart – with data shows the Spending by Category heading","status":"passed","title":"shows the Spending by Category heading","duration":15.649884999999813,"failureMessages":[],"meta":{},"tags":[]},{"ancestorTitles":["SpendingChart – with data"],"fullName":"SpendingChart – with data shows all unique categories in the legend","status":"passed","title":"shows all unique categories in the legend","duration":52.35561599999983,"failureMessages":[],"meta":{},"tags":[]},{"ancestorTitles":["SpendingChart – with data"],"fullName":"SpendingChart – with data shows the correct total amount","status":"passed","title":"shows the correct total amount","duration":13.97215899999992,"failureMessages":[],"meta":{},"tags":[]},{"ancestorTitles":["SpendingChart – with data"],"fullName":"SpendingChart – with data shows category amounts in the top-3 bar","status":"passed","title":"shows category amounts in the top-3 bar","duration":18.71313800000007,"failureMessages":[],"meta":{},"tags":[]},{"ancestorTitles":["SpendingChart – with data"],"fullName":"SpendingChart – with data excludes zero-amount transactions from totals","status":"passed","title":"excludes zero-amount transactions from totals","duration":16.02023999999983,"failureMessages":[],"meta":{},"tags":[]},{"ancestorTitles":["SpendingChart – with data"],"fullName":"SpendingChart – with data groups amounts by category (Dining = 5.50 + 20.00 = 25.50)","status":"passed","title":"groups amounts by category (Dining = 5.50 + 20.00 = 25.50)","duration":18.94490799999994,"failureMessages":[],"meta":{},"tags":[]},{"ancestorTitles":["SpendingChart – with data"],"fullName":"SpendingChart – with data shows percentage labels in the legend","status":"passed","title":"shows percentage labels in the legend","duration":36.60358200000019,"failureMessages":[],"meta":{},"tags":[]},{"ancestorTitles":["SpendingChart – with data"],"fullName":"SpendingChart – with data handles transactions with negative amounts by using absolute value","status":"passed","title":"handles transactions with negative amounts by using absolute value","duration":15.05172500000026,"failureMessages":[],"meta":{},"tags":[]}],"startTime":1782788340082,"endTime":1782788340565.0518,"status":"passed","message":"","name":"/Users/subrahmanyaspilli/Desktop/credit-ai-app/frontend/src/SpendingChart.test.tsx"}]}